<?xml version="1.0" encoding="UTF-8"?>
<!-- Generated by org.testng.reporters.JUnitReportReporter -->
<testsuite hostname="DESKTOP-JH363G0" failures="0" tests="1" name="com.project.MavenTest" time="7.864" errors="0" timestamp="14 May 2018 21:15:01 GMT" skipped="0">
  <testcase classname="com.project.MavenTest" name="mavenTest" time="7.864"/>
</testsuite> <!-- com.project.MavenTest -->
